0 info it worked if it ends with ok
1 verbose cli [ 'node',
1 verbose cli   '/usr/local/bin/npm',
1 verbose cli   'install',
1 verbose cli   'child_require',
1 verbose cli   '--save-dev',
1 verbose cli   '--registry=https://registry.npm.taobao.org' ]
2 info using npm@2.12.1
3 info using node@v0.12.7
4 verbose node symlink /usr/local/bin/node
5 verbose install initial load of /Users/zhangshibiao/workplace/exercise/webview_node/package.json
6 warn package.json webview_node@1.0.0 No repository field.
7 warn package.json webview_node@1.0.0 No README data
8 verbose installManyTop reading scoped package data from /Users/zhangshibiao/workplace/exercise/webview_node/node_modules/cheerio/package.json
9 verbose readDependencies loading dependencies from /Users/zhangshibiao/workplace/exercise/webview_node/package.json
10 silly cache add args [ 'child_require', null ]
11 verbose cache add spec child_require
12 silly cache add parsed spec { raw: 'child_require',
12 silly cache add   scope: null,
12 silly cache add   name: 'child_require',
12 silly cache add   rawSpec: '',
12 silly cache add   spec: '*',
12 silly cache add   type: 'range' }
13 silly addNamed child_require@*
14 verbose addNamed "*" is a valid semver range for child_require
15 silly addNameRange { name: 'child_require', range: '*', hasData: false }
16 silly mapToRegistry name child_require
17 silly mapToRegistry using default registry
18 silly mapToRegistry registry https://registry.npm.taobao.org/
19 silly mapToRegistry uri https://registry.npm.taobao.org/child_require
20 verbose addNameRange registry:https://registry.npm.taobao.org/child_require not in flight; fetching
21 verbose request uri https://registry.npm.taobao.org/child_require
22 verbose request no auth needed
23 info attempt registry request try #1 at 15:11:09
24 verbose request id 9d499d9c1cf1ce4c
25 http request GET https://registry.npm.taobao.org/child_require
26 info retry will retry, error on last attempt: Error: socket hang up
27 info attempt registry request try #2 at 15:12:21
28 http request GET https://registry.npm.taobao.org/child_require
29 info retry will retry, error on last attempt: Error: socket hang up
30 info attempt registry request try #3 at 15:14:24
31 http request GET https://registry.npm.taobao.org/child_require
32 verbose stack Error: socket hang up
32 verbose stack     at createHangUpError (_http_client.js:215:15)
32 verbose stack     at TLSSocket.socketOnEnd (_http_client.js:300:23)
32 verbose stack     at TLSSocket.emit (events.js:129:20)
32 verbose stack     at _stream_readable.js:908:16
32 verbose stack     at process._tickCallback (node.js:355:11)
33 verbose cwd /Users/zhangshibiao/workplace/exercise/webview_node
34 error Darwin 14.5.0
35 error argv "node" "/usr/local/bin/npm" "install" "child_require" "--save-dev" "--registry=https://registry.npm.taobao.org"
36 error node v0.12.7
37 error npm  v2.12.1
38 error code ECONNRESET
39 error network socket hang up
39 error network This is most likely not a problem with npm itself
39 error network and is related to network connectivity.
39 error network In most cases you are behind a proxy or have bad network settings.
39 error network
39 error network If you are behind a proxy, please make sure that the
39 error network 'proxy' config is set properly.  See: 'npm help config'
40 verbose exit [ 1, true ]
